<?xml version="1.0" encoding="UTF-8"?>
<!-- Generated by org.testng.reporters.JUnitReportReporter -->
<testsuite hostname="administrators-MacBook-Air-6.local" name="oyo.webdesktop.HomePageTest" tests="1" failures="0" timestamp="29 Jan 2016 07:05:19 GMT" time="0.001" errors="0">
  <testcase name="f" time="0.001" classname="oyo.webdesktop.HomePageTest"/>
</testsuite>
