<?xml version="1.0" encoding="UTF-8"?>
<!-- Generated by org.testng.reporters.JUnitReportReporter -->
<testsuite hostname="administrators-MacBook-Air-6.local" name="oyo.webdesktop.AppTest" tests="1" failures="0" timestamp="29 Jan 2016 07:05:19 GMT" time="0.010" errors="0">
  <testcase name="testApp" time="0.010" classname="oyo.webdesktop.AppTest"/>
</testsuite>
