<?xml version="1.0" encoding="UTF-8"?>
<!-- Generated by org.testng.reporters.JUnitReportReporter -->
<testsuite hostname="administrators-MacBook-Air-6.local" name="oyo.webdesktop.HomePageTest" tests="1" failures="0" timestamp="29 Jan 2016 10:12:22 GMT" time="0.015" errors="0">
  <testcase name="foo" time="0.015" classname="oyo.webdesktop.HomePageTest"/>
</testsuite>
