<?xml version="1.0" encoding="UTF-8"?>
<!-- Generated by org.testng.reporters.JUnitReportReporter -->
<testsuite hostname="administrators-MacBook-Air-6.local" name="tests.HomePageTest" tests="1" failures="0" timestamp="29 Jan 2016 11:55:17 GMT" time="0.008" errors="0">
  <testcase name="foo" time="0.008" classname="tests.HomePageTest"/>
</testsuite>
